<?xml version="1.0" encoding="UTF-8"?>
<!-- Generated by org.testng.reporters.JUnitReportReporter -->
<testsuite hostname="LAPTOP-T3P0ELTT" failures="0" tests="4" name="CalculatorTest" time="0.118" errors="0" timestamp="2021-07-12T12:08:05 IST" skipped="0">
  <testcase classname="CalculatorTest" name="add1Test" time="0.012"/>
  <system-out/>
  <testcase classname="CalculatorTest" name="add1Test" time="0.036"/>
  <system-out/>
  <testcase classname="CalculatorTest" name="add1Test" time="0.041"/>
  <system-out/>
  <testcase classname="CalculatorTest" name="add1Test" time="0.029"/>
  <system-out/>
</testsuite> <!-- CalculatorTest -->
