<?xml version="1.0" encoding="UTF-8"?>
<!-- Generated by org.testng.reporters.JUnitReportReporter -->
<testsuite hostname="LAPTOP-T3P0ELTT" failures="0" tests="3" name="NewTest1" time="0.058" errors="0" timestamp="2021-07-09T12:14:46 IST" skipped="0">
  <testcase classname="NewTest1" name="browser_to_be_opened_chrome" time="0.007"/>
  <system-out/>
  <testcase classname="NewTest1" name="appln_open_the_login_page" time="0.036"/>
  <system-out/>
  <testcase classname="NewTest1" name="close" time="0.015"/>
  <system-out/>
</testsuite> <!-- NewTest1 -->
