<?xml version="1.0" encoding="UTF-8"?>
<!-- Generated by org.testng.reporters.JUnitReportReporter -->
<testsuite hostname="LAPTOP-T3P0ELTT" failures="0" tests="2" name="SampleGroups" time="0.067" errors="0" timestamp="2021-07-12T11:57:55 IST" skipped="0">
  <testcase classname="SampleGroups" name="second" time="0.014"/>
  <system-out/>
  <testcase classname="SampleGroups" name="fourth" time="0.053"/>
  <system-out>
    <![CDATA[All even methods are executed]]>
  </system-out>
</testsuite> <!-- SampleGroups -->
